2019/03/09 00:47:45 => {"data":{"channel":0,"ssid":"MySSID"},"msg":"SHARE_HOME_SSID"}
2019/03/09 00:47:45 => {"msg": "SHARE_HOME_SSID", "result": "OK"}
2019/03/09 00:47:45 => {"data":{"icon":2131166244,"name":"LG SJ6"},"msg":"SPK_ADD_SET"}
2019/03/09 00:47:45 => {"msg": "SPK_ADD_SET", "result": "OK"}
2019/03/09 00:47:45 => {"msg": "SPK_ADD_NOTI"}
2019/03/09 00:47:45 => {"data":{"day":6,"hour":4,"id":"and0000f9c28b000000","min":34,"option":1},"msg":"PRODUCT_INFO"}
2019/03/09 00:47:45 => {"data":{"day":6,"hour":4,"id":"and0000f9c28b000000","min":34,"option":0},"msg":"PRODUCT_INFO"}
2019/03/09 00:47:45 => {"msg": "PRODUCT_INFO", "data": {"info": {"btmac": "C4:30:18:00:00:00"}, "reg": false, "network": 1, "petname": "LG SJ6", "modeltype": 2, "modelname": "SJ6", "region": "FR", "modelnum": 13, "protover": 1}, "result": "OK"}
2019/03/09 00:47:45 => {"data":{"channel":0,"ssid":"MySSID"},"msg":"SHARE_HOME_SSID"}
2019/03/09 00:47:45 => {"msg":"NETWORK_INFO_REQ"}
2019/03/09 00:47:45 => {"msg": "PRODUCT_INFO", "data": {"info": {"btmac": "C4:30:18:00:00:00"}, "reg": false, "network": 1, "petname": "LG SJ6", "modeltype": 2, "modelname": "SJ6", "region": "FR", "modelnum": 13, "protover": 1}, "result": "OK"}
2019/03/09 00:47:45 => {"msg": "SHARE_HOME_SSID", "result": "OK"}
2019/03/09 00:47:45 => {"msg": "NETWORK_INFO_REQ", "data": {"network": 1, "meshid": 7182, "ssid": "MySSID", "meshch": 0, "pswd": "MyPassword"}, "result": "OK"}
2019/03/09 00:47:45 => {"data":{"stat":true},"msg":"TEST_TONE"}
2019/03/09 00:47:45 => {"data":{"icon":0,"name":"SoundBar"},"msg":"SPK_INFO_MODIFY"}
2019/03/09 00:47:45 => {"msg": "SPK_INFO_MODIFY", "result": "OK"}
2019/03/09 00:47:45 => {"msg": "SPK_NAME_CHANGE", "data": {"icon": 0, "name": "SoundBar"}}
2019/03/09 00:47:45 => {"msg":"C4A_TOS_GET"}
2019/03/09 00:47:45 => {"msg": "C4A_TOS_GET", "data": {"agree": true}, "result": "OK"}
2019/03/09 00:47:45 => {"data":{"day":6,"hour":4,"id":"and0000f9c28b000000","min":34,"option":1},"msg":"PRODUCT_INFO"}
2019/03/09 00:47:45 => {"msg": "PRODUCT_INFO", "data": {"info": {"name": "SoundBar", "groupcolor": 0, "spktype": 0, "icon": 0, "wirelessmac": "04:4e:af:00:00:00", "channel": 0, "groupid": 0, "function": 0, "playing": false, "vol": 10, "mute": false, "eqlist": [12, 14, 0, 7], "update": false, "functionlist": [0, 15, 1, 12, 6, 2, 5], "ledset": true, "demo": false, "bever": "NB8.029.81011.C", "btmac": "C4:30:18:00:00:00"}, "reg": true, "network": 1, "petname": "Sound Bar SJ6", "modeltype": 2, "modelname": "SJ6", "region": "FR", "modelnum": 13, "protover": 1}, "result": "OK"}
2019/03/09 00:47:45 => {"msg":"SYSTEM_VER_REQ"}
2019/03/09 00:47:45 => {"msg": "SYSTEM_VER_REQ", "result": "OK", "data": {"be": "NB8.029.81011.C", "meq": "161104B0", "micom": "1704210", "hdmi": "", "demomusic": "", "dsp": "", "c4a": "1.21.75965"}}
2019/03/09 00:47:45 => {"msg":"SDP_CPLIST_REQ"}
2019/03/09 00:47:45 => {"msg": "SDP_CPLIST_REQ", "data": {"c4acplist": [{"cpName": "Spotify", "C4A": false}, {"cpName": "Napster", "C4A": false}, {"cpName": "TuneIn", "C4A": false}, {"cpName": "Deezer", "C4A": false}, {"cpName": "Google Play Music", "appId": "691797987", "pkgId": "com.google.android.music", "C4A": true, "scheme": "GooglePlayMusic://"}, {"cpName": "Rdio", "appId": "", "pkgId": "", "C4A": true, "scheme": ""}, {"cpName": "TuneIn", "appId": "418987775", "pkgId": "tunein.player", "C4A": true, "scheme": "tunein://"}, {"cpName": "Deezer", "appId": "", "pkgId": "", "C4A": true, "scheme": ""}, {"cpName": "NPR One", "appId": "", "pkgId": "org.npr.one", "C4A": true, "scheme": ""}, {"cpName": "BeyondPod", "appId": "", "pkgId": "", "C4A": true, "scheme": ""}], "cplist": ["Spotify", "Napster", "TuneIn", "Deezer"]}, "result": "OK"}
2019/03/09 00:47:45 => {"data":{"day":6,"hour":4,"id":"and0000f9c28b000000","min":34,"option":0},"msg":"PRODUCT_INFO"}
2019/03/09 00:47:45 => {"msg": "PRODUCT_INFO", "data": {"info": {"name": "SoundBar", "groupcolor": 0, "spktype": 0, "icon": 0, "wirelessmac": "04:4e:af:00:00:00", "channel": 0, "groupid": 0, "function": 0, "playing": false, "vol": 10, "mute": false, "eqlist": [12, 14, 0, 7], "update": false, "functionlist": [0, 15, 1, 12, 6, 2, 5], "ledset": true, "demo": false, "bever": "NB8.029.81011.C", "btmac": "C4:30:18:00:00:00"}, "reg": true, "network": 1, "petname": "Sound Bar SJ6", "modeltype": 2, "modelname": "SJ6", "region": "FR", "modelnum": 13, "protover": 1}, "result": "OK"}
2019/03/09 00:47:45 => {"msg":"FUNC_INFO_REQ"}
2019/03/09 00:47:45 => {"msg": "FUNC_INFO_REQ", "data": {"type": 0, "connect": 0, "btname": "", "mute": false}, "result": "OK"}
2019/03/09 00:47:45 => {"msg":"PLAY_INFO_REQ"}
2019/03/09 00:47:45 => {"msg": "PLAY_INFO_REQ", "data": {"repeat": 0, "duration": 0, "shuffle": false, "albumart": "", "uri": "", "cptype": 0, "source": 0, "artist": "", "position": 0, "idx": 0, "c4aappid": "", "c4aappname": "", "albumtitle": "", "objID": "", "title": "", "playing": 3}, "result": "OK"}
2019/03/09 00:47:45 => {"msg":"ALARM_STATE_REQ"}
2019/03/09 00:47:45 => {"msg": "ALARM_STATE_NOTI", "data": {"on": false}}
2019/03/09 00:47:45 => {"data":{"type":15},"msg":"FUNCTION_SET"}
2019/03/09 00:47:45 => {"msg": "FUNCTION_SET", "result": "OK"}
2019/03/09 00:47:45 => {"msg": "FUNC_INFO", "data": {"type": 4, "btname": "", "connect": 1, "mute": false}}
2019/03/09 00:47:45 => {"msg":"ALARM_STATE_REQ"}
2019/03/09 00:47:45 => {"msg": "ALARM_STATE_NOTI", "data": {"on": false}}
2019/03/09 00:47:45 => {"data":{"type":0},"msg":"FUNCTION_SET"}
2019/03/09 00:47:45 => {"msg": "FUNCTION_SET", "result": "OK"}
2019/03/09 00:47:45 => {"msg": "FUNC_INFO", "data": {"type": 0, "btname": "", "connect": 0, "mute": false}}
2019/03/09 00:47:45 => {"msg":"ALARM_STATE_REQ"}
2019/03/09 00:47:45 => {"msg": "ALARM_STATE_NOTI", "data": {"on": false}}
2019/03/09 00:47:45 => {"msg": "FUNC_INFO", "data": {"type": 0, "btname": "", "connect": 0, "mute": false}}
2019/03/09 00:47:45 => {"msg":"ALARM_STATE_REQ"}
2019/03/09 00:47:45 => {"msg": "ALARM_STATE_NOTI", "data": {"on": false}}
2019/03/09 00:47:45 => {"data":{"day":6,"hour":4,"id":"and0000f9c28b000000","min":34,"option":0},"msg":"PRODUCT_INFO"}
2019/03/09 00:47:45 => {"msg": "PRODUCT_INFO", "data": {"info": {"name": "SoundBar", "groupcolor": 0, "spktype": 0, "icon": 0, "wirelessmac": "04:4e:af:00:00:00", "channel": 0, "groupid": 0, "function": 0, "playing": false, "vol": 10, "mute": false, "eqlist": [12, 14, 0, 7], "update": false, "functionlist": [0, 15, 1, 12, 6, 2, 5], "ledset": true, "demo": false, "bever": "NB8.029.81011.C", "btmac": "C4:30:18:00:00:00"}, "reg": true, "network": 1, "petname": "Sound Bar SJ6", "modeltype": 2, "modelname": "SJ6", "region": "FR", "modelnum": 13, "protover": 1}, "result": "OK"}
2019/03/09 00:47:45 => {"msg":"USAGE_SHARE_GET"}
2019/03/09 00:47:45 => {"msg": "USAGE_SHARE_GET", "data": {"sharing": false}, "result": "OK"}
2019/03/09 00:47:45 => {"msg":"SETTING_INFO_REQ"}
2019/03/09 00:47:45 => {"msg": "SETTING_INFO_REQ", "data": {"limit_bt_conn": false, "woofermax": 21, "drc": false, "settinginfover": 1, "ledset": true, "autovol": false, "autopower": true, "enable_balance": false, "wooferlevel": 15, "avsync": 0, "groupcompress": 0, "visible_mlib_sync": true, "nightmode": false, "visible_init": true, "visible_reserve_sleep": true, "btstandby": false, "visible_tvconn": true, "wooferoffset": -15, "visible_alarm": true, "limit_group_gcast": false, "visible_tonectrl": true}, "result": "OK"}
2019/03/09 00:47:45 => {"data":{"stat":false},"msg":"LED_SET"}
2019/03/09 00:47:45 => {"msg": "LED_SET", "data": {"stat": false}, "result": "OK"}
2019/03/09 00:47:45 => {"data":{"drc":true},"msg":"DRC_SET"}
2019/03/09 00:47:45 => {"msg": "DRC_SET", "data": {"drc": true}, "result": "OK"}
2019/03/09 00:47:45 => {"data":{"nightmode":true},"msg":"NIGHT_MODE_SET"}
2019/03/09 00:47:45 => {"msg": "NIGHT_MODE_SET", "data": {"nightmode": true}, "result": "OK"}
2019/03/09 00:47:45 => {"data":{"autovol":true},"msg":"AUTO_VOL_SET"}
2019/03/09 00:47:45 => {"msg": "AUTO_VOL_SET", "data": {"autovol": true}, "result": "OK"}
2019/03/09 00:47:45 => {"data":{"autovol":false},"msg":"AUTO_VOL_SET"}
2019/03/09 00:47:45 => {"msg": "AUTO_VOL_SET", "data": {"autovol": false}, "result": "OK"}
2019/03/09 00:47:45 => {"data":{"on":true},"msg":"BT_STANDBY_SET"}
2019/03/09 00:47:45 => {"msg": "BT_STANDBY_STATE_NOTI", "data": {"on": true}}
2019/03/09 00:47:45 => {"data":{"on":false},"msg":"BT_STANDBY_SET"}
2019/03/09 00:47:45 => {"msg": "BT_STANDBY_STATE_NOTI", "data": {"on": false}}
2019/03/09 00:47:45 => {"data":{"limit_bt_conn":true},"msg":"BT_LIMIT_SET"}
2019/03/09 00:47:45 => {"msg": "BT_LIMIT_SET_NOTI", "data": {"limit_bt_conn": true}}
2019/03/09 00:47:45 => {"data":{"limit_bt_conn":false},"msg":"BT_LIMIT_SET"}
2019/03/09 00:47:45 => {"msg": "BT_LIMIT_SET_NOTI", "data": {"limit_bt_conn": false}}
2019/03/09 00:47:45 => {"msg":"USAGE_SHARE_GET"}
2019/03/09 00:47:45 => {"msg": "USAGE_SHARE_GET", "data": {"sharing": false}, "result": "OK"}
2019/03/09 00:47:45 => {"msg":"SETTING_INFO_REQ"}
2019/03/09 00:47:45 => {"msg": "SETTING_INFO_REQ", "data": {"limit_bt_conn": false, "woofermax": 21, "drc": true, "settinginfover": 1, "ledset": false, "autovol": false, "autopower": true, "enable_balance": false, "wooferlevel": 15, "avsync": 0, "groupcompress": 0, "visible_mlib_sync": true, "nightmode": true, "visible_init": true, "visible_reserve_sleep": true, "btstandby": false, "visible_tvconn": true, "wooferoffset": -15, "visible_alarm": true, "limit_group_gcast": false, "visible_tonectrl": true}, "result": "OK"}
2019/03/09 00:47:45 => {"data":{"autopower":false},"msg":"AUTO_POWER_SET"}
2019/03/09 00:47:45 => {"msg": "AUTO_POWER_SET", "data": {"autopower": false}, "result": "OK"}
2019/03/09 00:47:45 => {"data":{"autopower":true},"msg":"AUTO_POWER_SET"}
2019/03/09 00:47:45 => {"msg": "AUTO_POWER_SET", "data": {"autopower": true}, "result": "OK"}
2019/03/09 00:47:45 => {"data":{"wooferlevel":19},"msg":"WOOFER_LEVEL_SET"}
2019/03/09 00:47:45 => {"msg": "WOOFER_LEVEL_SET", "data": {"wooferlevel": 19}, "result": "OK"}
2019/03/09 00:47:45 => {"data":{"wooferlevel":0},"msg":"WOOFER_LEVEL_SET"}
2019/03/09 00:47:45 => {"msg": "WOOFER_LEVEL_SET", "data": {"wooferlevel": 0}, "result": "OK"}
2019/03/09 00:47:45 => {"data":{"wooferlevel":15},"msg":"WOOFER_LEVEL_SET"}
2019/03/09 00:47:45 => {"msg": "WOOFER_LEVEL_SET", "data": {"wooferlevel": 15}, "result": "OK"}
2019/03/09 00:47:45 => {"data":{"avsync":30},"msg":"AV_SYNC_SET"}
2019/03/09 00:47:45 => {"msg": "AV_SYNC_SET", "data": {"avsync": 30}, "result": "OK"}
2019/03/09 00:47:45 => {"data":{"avsync":0},"msg":"AV_SYNC_SET"}
2019/03/09 00:47:45 => {"msg": "AV_SYNC_SET", "data": {"avsync": 0}, "result": "OK"}
2019/03/09 00:47:45 => {"data":{"stat":true},"msg":"LED_SET"}
2019/03/09 00:47:45 => {"msg": "LED_SET", "data": {"stat": true}, "result": "OK"}
2019/03/09 00:47:45 => {"data":{"stat":false},"msg":"LED_SET"}
2019/03/09 00:47:45 => {"msg": "LED_SET", "data": {"stat": false}, "result": "OK"}

2019/03/09 01:08:28 => 40 {"data":{"type":15},"msg":"FUNCTION_SET"}
2019/03/09 01:08:28 => 42 {"msg": "FUNCTION_SET", "result": "OK"}
2019/03/09 01:08:28 => 46 {"msg": "FUNC_INFO", "data": {"type": 4, "btname": "", "connect": 1, "mute": false}}
2019/03/09 01:08:28 => 50 {"msg":"ALARM_STATE_REQ"}
2019/03/09 01:08:28 => 52 {"msg": "ALARM_STATE_NOTI", "data": {"on": false}}
2019/03/09 01:08:28 => 74 {"data":{"type":1},"msg":"FUNCTION_SET"}
2019/03/09 01:08:28 => 76 {"msg": "FUNCTION_SET", "result": "OK"}
2019/03/09 01:08:28 => 80 {"msg": "FUNC_INFO", "data": {"type": 1, "btname": "", "connect": 0, "mute": false}}
2019/03/09 01:08:28 => 84 {"msg":"ALARM_STATE_REQ"}
2019/03/09 01:08:28 => 86 {"msg": "ALARM_STATE_NOTI", "data": {"on": false}}
2019/03/09 01:08:28 => 110 {"data":{"type":12},"msg":"FUNCTION_SET"}
2019/03/09 01:08:28 => 112 {"msg": "FUNCTION_SET", "result": "OK"}
2019/03/09 01:08:28 => 127 {"msg": "FUNC_INFO", "data": {"type": 12, "btname": "", "connect": 0, "mute": false}}
2019/03/09 01:08:28 => 131 {"msg":"ALARM_STATE_REQ"}
2019/03/09 01:08:28 => 133 {"msg": "ALARM_STATE_NOTI", "data": {"on": false}}
2019/03/09 01:08:28 => 157 {"data":{"type":6},"msg":"FUNCTION_SET"}
2019/03/09 01:08:28 => 159 {"msg": "FUNCTION_SET", "result": "OK"}
2019/03/09 01:08:28 => 171 {"msg": "FUNC_INFO", "data": {"type": 6, "btname": "", "connect": 1, "mute": false}}
2019/03/09 01:08:28 => 175 {"msg":"ALARM_STATE_REQ"}
2019/03/09 01:08:28 => 177 {"msg": "ALARM_STATE_NOTI", "data": {"on": false}}
2019/03/09 01:08:28 => 187 {"data":{"type":2},"msg":"FUNCTION_SET"}
2019/03/09 01:08:28 => 189 {"msg": "FUNCTION_SET", "result": "OK"}
2019/03/09 01:08:28 => 203 {"msg": "FUNC_INFO", "data": {"type": 2, "btname": "", "connect": 1, "mute": false}}
2019/03/09 01:08:28 => 207 {"msg":"ALARM_STATE_REQ"}
2019/03/09 01:08:28 => 209 {"msg": "ALARM_STATE_NOTI", "data": {"on": false}}
2019/03/09 01:08:28 => 221 {"data":{"type":0},"msg":"FUNCTION_SET"}
2019/03/09 01:08:28 => 223 {"msg": "FUNCTION_SET", "result": "OK"}
2019/03/09 01:08:28 => 225 {"msg": "FUNC_INFO", "data": {"type": 0, "btname": "", "connect": 0, "mute": false}}
2019/03/09 01:08:28 => 231 {"msg":"ALARM_STATE_REQ"}
2019/03/09 01:08:28 => 233 {"msg": "ALARM_STATE_NOTI", "data": {"on": false}}
2019/03/09 01:08:28 => 238 {"msg": "FUNC_INFO", "data": {"type": 6, "btname": "", "connect": 1, "mute": false}}
2019/03/09 01:08:28 => 244 {"msg":"ALARM_STATE_REQ"}
2019/03/09 01:08:28 => 246 {"msg": "ALARM_STATE_NOTI", "data": {"on": false}}
